Running from: C:\Users\Jake\AppData\Local\Temp\tmpm0rlh62a 
Command: C:\Program Files (x86)\Steam\steamapps\common\SpaceEngineers\Tools\MwmBuilder\MwmBuilder.exe /s:Content /m:Window1x1Flat_Constr2.fbx /o:.\ 
: WARNING: 
    Could not find Materials library folder.
Textures\Models\Cubes\WindowTexture_me.dds: WARNING: 
    Texture DiffuseTexture does not exists!
Textures\Models\Cubes\WindowTexture_cm.dds: WARNING: 
    Texture ColorMetalTexture does not exists!
Textures\Models\Cubes\WindowTexture_ng.dds: WARNING: 
    Texture NormalGlossTexture does not exists!
Textures\Models\Cubes\WindowTexture_add.dds: WARNING: 
    Texture AddMapsTexture does not exists!
Textures\Models\Cubes\WindowTexture_me.dds: WARNING: 
    Texture DiffuseTexture does not exists!
Textures\Models\Cubes\WindowTexture_cm.dds: WARNING: 
    Texture ColorMetalTexture does not exists!
Textures\Models\Cubes\WindowTexture_ng.dds: WARNING: 
    Texture NormalGlossTexture does not exists!
Textures\Models\Cubes\WindowTexture_add.dds: WARNING: 
    Texture AddMapsTexture does not exists!
Textures\Models\Cubes\WindowTexture_me.dds: WARNING: 
    Texture DiffuseTexture does not exists!
Textures\Models\Cubes\WindowTexture_cm.dds: WARNING: 
    Texture ColorMetalTexture does not exists!
Textures\Models\Cubes\WindowTexture_ng.dds: WARNING: 
    Texture NormalGlossTexture does not exists!
Textures\Models\Cubes\WindowTexture_add.dds: WARNING: 
    Texture AddMapsTexture does not exists!
Textures\Models\Cubes\WindowTexture_me.dds: WARNING: 
    Texture DiffuseTexture does not exists!
Textures\Models\Cubes\WindowTexture_cm.dds: WARNING: 
    Texture ColorMetalTexture does not exists!
Textures\Models\Cubes\WindowTexture_ng.dds: WARNING: 
    Texture NormalGlossTexture does not exists!
Textures\Models\Cubes\WindowTexture_add.dds: WARNING: 
    Texture AddMapsTexture does not exists!
Textures\Models\Cubes\WindowTexture_me.dds: WARNING: 
    Texture DiffuseTexture does not exists!
Textures\Models\Cubes\WindowTexture_cm.dds: WARNING: 
    Texture ColorMetalTexture does not exists!
Textures\Models\Cubes\WindowTexture_ng.dds: WARNING: 
    Texture NormalGlossTexture does not exists!
Textures\Models\Cubes\WindowTexture_add.dds: WARNING: 
    Texture AddMapsTexture does not exists!
Textures\Models\Cubes\WindowTexture_me.dds: WARNING: 
    Texture DiffuseTexture does not exists!
Textures\Models\Cubes\WindowTexture_cm.dds: WARNING: 
    Texture ColorMetalTexture does not exists!
Textures\Models\Cubes\WindowTexture_ng.dds: WARNING: 
    Texture NormalGlossTexture does not exists!
Textures\Models\Cubes\WindowTexture_add.dds: WARNING: 
    Texture AddMapsTexture does not exists!
Textures\Models\Cubes\WindowTexture_me.dds: WARNING: 
    Texture DiffuseTexture does not exists!
Textures\Models\Cubes\WindowTexture_cm.dds: WARNING: 
    Texture ColorMetalTexture does not exists!
Textures\Models\Cubes\WindowTexture_ng.dds: WARNING: 
    Texture NormalGlossTexture does not exists!
Textures\Models\Cubes\WindowTexture_add.dds: WARNING: 
    Texture AddMapsTexture does not exists!
Textures\Models\Cubes\WindowTexture_me.dds: WARNING: 
    Texture DiffuseTexture does not exists!
Textures\Models\Cubes\WindowTexture_cm.dds: WARNING: 
    Texture ColorMetalTexture does not exists!
Textures\Models\Cubes\WindowTexture_ng.dds: WARNING: 
    Texture NormalGlossTexture does not exists!
Textures\Models\Cubes\WindowTexture_add.dds: WARNING: 
    Texture AddMapsTexture does not exists!
Textures\Models\Cubes\WindowTexture_me.dds: WARNING: 
    Texture DiffuseTexture does not exists!
Textures\Models\Cubes\WindowTexture_cm.dds: WARNING: 
    Texture ColorMetalTexture does not exists!
Textures\Models\Cubes\WindowTexture_ng.dds: WARNING: 
    Texture NormalGlossTexture does not exists!
Textures\Models\Cubes\WindowTexture_add.dds: WARNING: 
    Texture AddMapsTexture does not exists!
Textures\Models\Cubes\WindowTexture_me.dds: WARNING: 
    Texture DiffuseTexture does not exists!
Textures\Models\Cubes\WindowTexture_cm.dds: WARNING: 
    Texture ColorMetalTexture does not exists!
Textures\Models\Cubes\WindowTexture_ng.dds: WARNING: 
    Texture NormalGlossTexture does not exists!
Textures\Models\Cubes\WindowTexture_add.dds: WARNING: 
    Texture AddMapsTexture does not exists!
Textures\Models\Cubes\WindowTexture_me.dds: WARNING: 
    Texture DiffuseTexture does not exists!
Textures\Models\Cubes\WindowTexture_cm.dds: WARNING: 
    Texture ColorMetalTexture does not exists!
Textures\Models\Cubes\WindowTexture_ng.dds: WARNING: 
    Texture NormalGlossTexture does not exists!
Textures\Models\Cubes\WindowTexture_add.dds: WARNING: 
    Texture AddMapsTexture does not exists!
Textures\Models\Cubes\WindowTexture_me.dds: WARNING: 
    Texture DiffuseTexture does not exists!
Textures\Models\Cubes\WindowTexture_cm.dds: WARNING: 
    Texture ColorMetalTexture does not exists!
Textures\Models\Cubes\WindowTexture_ng.dds: WARNING: 
    Texture NormalGlossTexture does not exists!
Textures\Models\Cubes\WindowTexture_add.dds: WARNING: 
    Texture AddMapsTexture does not exists!
Textures\Models\Cubes\WindowTexture_me.dds: WARNING: 
    Texture DiffuseTexture does not exists!
Textures\Models\Cubes\WindowTexture_cm.dds: WARNING: 
    Texture ColorMetalTexture does not exists!
Textures\Models\Cubes\WindowTexture_ng.dds: WARNING: 
    Texture NormalGlossTexture does not exists!
Textures\Models\Cubes\WindowTexture_add.dds: WARNING: 
    Texture AddMapsTexture does not exists!
Textures\Models\Cubes\WindowTexture_me.dds: WARNING: 
    Texture DiffuseTexture does not exists!
Textures\Models\Cubes\WindowTexture_cm.dds: WARNING: 
    Texture ColorMetalTexture does not exists!
Textures\Models\Cubes\WindowTexture_ng.dds: WARNING: 
    Texture NormalGlossTexture does not exists!
Textures\Models\Cubes\WindowTexture_add.dds: WARNING: 
    Texture AddMapsTexture does not exists!
Textures\Models\Cubes\WindowTexture_me.dds: WARNING: 
    Texture DiffuseTexture does not exists!
Textures\Models\Cubes\WindowTexture_cm.dds: WARNING: 
    Texture ColorMetalTexture does not exists!
Textures\Models\Cubes\WindowTexture_ng.dds: WARNING: 
    Texture NormalGlossTexture does not exists!
Textures\Models\Cubes\WindowTexture_add.dds: WARNING: 
    Texture AddMapsTexture does not exists!
Textures\Models\Cubes\WindowTexture_me.dds: WARNING: 
    Texture DiffuseTexture does not exists!
Textures\Models\Cubes\WindowTexture_cm.dds: WARNING: 
    Texture ColorMetalTexture does not exists!
Textures\Models\Cubes\WindowTexture_ng.dds: WARNING: 
    Texture NormalGlossTexture does not exists!
Textures\Models\Cubes\WindowTexture_add.dds: WARNING: 
    Texture AddMapsTexture does not exists!
Textures\Models\Cubes\default_grey_construction_de.dds: WARNING: 
    Texture DiffuseTexture does not exists!
Textures\Models\Cubes\default_grey_construction_cm.dds: WARNING: 
    Texture ColorMetalTexture does not exists!
Textures\Models\Cubes\default_grey_construction_ng.dds: WARNING: 
    Texture NormalGlossTexture does not exists!
Textures\Models\Cubes\default_grey_construction_add.dds: WARNING: 
    Texture AddMapsTexture does not exists!
C:\Users\Jake\AppData\Local\Temp\tmpm0rlh62a\Content\Window1x1Flat_Constr2.fbx: Processed
: 
    : Finished in 0.1s
