Running from: C:\Users\Ross\AppData\Local\Temp\tmp8u3_jk0o 
Command: C:\Users\Ross\Desktop\MwmBuilder\MwmBuilder.exe /s:Content /m:Window1x1Flat_2EdgeOpp_0Corner_Rebuild_Constr1.fbx /o:.\ 
: WARNING: 
    Could not find Materials library folder.
Textures\Models\Cubes\default_grey_construction_de.dds: WARNING: 
    Texture DiffuseTexture does not exists!
Textures\Models\Cubes\Chrome_cm.DDS: WARNING: 
    Texture ColorMetalTexture does not exists!
Textures\Models\Cubes\Chrome_ng.DDS: WARNING: 
    Texture NormalGlossTexture does not exists!
Textures\Models\Cubes\default_grey_construction_de.dds: WARNING: 
    Texture DiffuseTexture does not exists!
Textures\Models\Cubes\Chrome_cm.DDS: WARNING: 
    Texture ColorMetalTexture does not exists!
Textures\Models\Cubes\Chrome_ng.DDS: WARNING: 
    Texture NormalGlossTexture does not exists!
Textures\Models\Cubes\default_grey_construction_de.dds: WARNING: 
    Texture DiffuseTexture does not exists!
Textures\Models\Cubes\Chrome_cm.DDS: WARNING: 
    Texture ColorMetalTexture does not exists!
Textures\Models\Cubes\Chrome_ng.DDS: WARNING: 
    Texture NormalGlossTexture does not exists!
C:\Users\Ross\AppData\Local\Temp\tmp8u3_jk0o\Content\Window1x1Flat_2EdgeOpp_0Corner_Rebuild_Constr1.fbx: Processed
: 
    : Finished in 0.2s
