Running from: C:\Users\Ross\AppData\Local\Temp\tmp84821_6w 
Command: C:\Users\Ross\Desktop\Space Engineers Stuff\MwmBuilder\MwmBuilder.exe /s:Content /m:Window1x1Slope_1EL_0C.fbx /o:.\ 
: WARNING: 
    Could not find Materials library folder.
Dummy.dds: WARNING: 
    Texture DiffuseTexture does not exists!
Textures\Models\Cubes\PaintedMetalColorable_cm.dds: WARNING: 
    Texture ColorMetalTexture does not exists!
Textures\Models\Cubes\PaintedMetalColorable_ng.dds: WARNING: 
    Texture NormalGlossTexture does not exists!
Textures\Models\Cubes\PaintedMetalColorable_add.dds: WARNING: 
    Texture AddMapsTexture does not exists!
Dummy.dds: WARNING: 
    Texture DiffuseTexture does not exists!
Textures\Models\Cubes\PaintedMetalDarker_cm.dds: WARNING: 
    Texture ColorMetalTexture does not exists!
Textures\Models\Cubes\PaintedMetalColorable_ng.dds: WARNING: 
    Texture NormalGlossTexture does not exists!
C:\Users\Ross\AppData\Local\Temp\tmp84821_6w\Content\Window1x1Slope_1EL_0C.fbx: Processed
: 
    : Finished in 0.2s
