Running from: C:\Users\Ross\AppData\Local\Temp\tmp8u3_jk0o 
Command: C:\Users\Ross\Desktop\MwmBuilder\MwmBuilder.exe /s:Content /m:Window1x1Flat_2EdgeOpp_0Corner_Rebuild.fbx /o:.\ 
: WARNING: 
    Could not find Materials library folder.
Textures\Models\Cubes\WindowTexture_me.dds: WARNING: 
    Texture DiffuseTexture does not exists!
Textures\Models\Cubes\WindowTexture_cm.dds: WARNING: 
    Texture ColorMetalTexture does not exists!
Textures\Models\Cubes\WindowTexture_ng.dds: WARNING: 
    Texture NormalGlossTexture does not exists!
Textures\Models\Cubes\WindowTexture_add.dds: WARNING: 
    Texture AddMapsTexture does not exists!
Textures\Models\Cubes\WindowTexture_me.dds: WARNING: 
    Texture DiffuseTexture does not exists!
Textures\Models\Cubes\WindowTexture_cm.dds: WARNING: 
    Texture ColorMetalTexture does not exists!
Textures\Models\Cubes\WindowTexture_ng.dds: WARNING: 
    Texture NormalGlossTexture does not exists!
Textures\Models\Cubes\WindowTexture_add.dds: WARNING: 
    Texture AddMapsTexture does not exists!
Textures\Models\Cubes\WindowTexture_me.dds: WARNING: 
    Texture DiffuseTexture does not exists!
Textures\Models\Cubes\WindowTexture_cm.dds: WARNING: 
    Texture ColorMetalTexture does not exists!
Textures\Models\Cubes\WindowTexture_ng.dds: WARNING: 
    Texture NormalGlossTexture does not exists!
Textures\Models\Cubes\WindowTexture_add.dds: WARNING: 
    Texture AddMapsTexture does not exists!
Textures\Models\Cubes\WindowTexture_me.dds: WARNING: 
    Texture DiffuseTexture does not exists!
Textures\Models\Cubes\WindowTexture_cm.dds: WARNING: 
    Texture ColorMetalTexture does not exists!
Textures\Models\Cubes\WindowTexture_ng.dds: WARNING: 
    Texture NormalGlossTexture does not exists!
Textures\Models\Cubes\WindowTexture_add.dds: WARNING: 
    Texture AddMapsTexture does not exists!
Textures\Particles\SquareWindowDirt.DDS: WARNING: 
    Texture DiffuseTexture does not exists!
Dummy.dds: WARNING: 
    Texture DiffuseTexture does not exists!
C:\Users\Ross\AppData\Local\Temp\tmp8u3_jk0o\Content\Window1x1Flat_2EdgeOpp_0Corner_Rebuild.fbx: Processed
: 
    : Finished in 0.2s
