Running from: C:\Users\Jake\AppData\Local\Temp\tmp1wn0v2rs 
Command: C:\Program Files (x86)\Steam\steamapps\common\SpaceEngineers\Tools\MwmBuilder\MwmBuilder.exe /s:Content /m:Window1x1SlopeInv_1ED_1CUL.fbx /o:.\ 
: WARNING: 
    Could not find Materials library folder.
Textures\Models\Cubes\WindowTexture_me.dds: WARNING: 
    Texture DiffuseTexture does not exists!
Textures\Models\Cubes\WindowTexture_cm.dds: WARNING: 
    Texture ColorMetalTexture does not exists!
Textures\Models\Cubes\WindowTexture_ng.dds: WARNING: 
    Texture NormalGlossTexture does not exists!
Textures\Models\Cubes\WindowTexture_add.dds: WARNING: 
    Texture AddMapsTexture does not exists!
Textures\Models\Cubes\WindowTexture_me.dds: WARNING: 
    Texture DiffuseTexture does not exists!
Textures\Models\Cubes\WindowTexture_cm.dds: WARNING: 
    Texture ColorMetalTexture does not exists!
Textures\Models\Cubes\WindowTexture_ng.dds: WARNING: 
    Texture NormalGlossTexture does not exists!
Textures\Models\Cubes\WindowTexture_add.dds: WARNING: 
    Texture AddMapsTexture does not exists!
Textures\Models\Cubes\WindowTexture_me.dds: WARNING: 
    Texture DiffuseTexture does not exists!
Textures\Models\Cubes\WindowTexture_cm.dds: WARNING: 
    Texture ColorMetalTexture does not exists!
Textures\Models\Cubes\WindowTexture_ng.dds: WARNING: 
    Texture NormalGlossTexture does not exists!
Textures\Models\Cubes\WindowTexture_add.dds: WARNING: 
    Texture AddMapsTexture does not exists!
Textures\Models\Cubes\WindowTexture_me.dds: WARNING: 
    Texture DiffuseTexture does not exists!
Textures\Models\Cubes\WindowTexture_cm.dds: WARNING: 
    Texture ColorMetalTexture does not exists!
Textures\Models\Cubes\WindowTexture_ng.dds: WARNING: 
    Texture NormalGlossTexture does not exists!
Textures\Models\Cubes\WindowTexture_add.dds: WARNING: 
    Texture AddMapsTexture does not exists!
Textures\Particles\SquareWindowDirt.DDS: WARNING: 
    Texture DiffuseTexture does not exists!
C:\Users\Jake\AppData\Local\Temp\tmp1wn0v2rs\Content\Window1x1SlopeInv_1ED_1CUL.fbx: Processed
: 
    : Finished in 0.1s
