Running from: C:\Users\Jake\AppData\Local\Temp\tmpv8y_mvzt 
Command: C:\Program Files (x86)\Steam\steamapps\common\SpaceEngineers\Tools\MwmBuilder\MwmBuilder.exe /s:Content /m:Window1x1FlatInv_1Edge_1CornerRight.fbx /o:.\ 
: WARNING: 
    Could not find Materials library folder.
Textures\Particles\SquareWindowDirt.DDS: WARNING: 
    Texture DiffuseTexture does not exists!
Textures\Models\Cubes\WindowTexture_me.dds: WARNING: 
    Texture DiffuseTexture does not exists!
Textures\Models\Cubes\WindowTexture_cm.dds: WARNING: 
    Texture ColorMetalTexture does not exists!
Textures\Models\Cubes\WindowTexture_ng.dds: WARNING: 
    Texture NormalGlossTexture does not exists!
Textures\Models\Cubes\WindowTexture_add.dds: WARNING: 
    Texture AddMapsTexture does not exists!
Textures\Models\Cubes\WindowTexture_me.dds: WARNING: 
    Texture DiffuseTexture does not exists!
Textures\Models\Cubes\WindowTexture_cm.dds: WARNING: 
    Texture ColorMetalTexture does not exists!
Textures\Models\Cubes\WindowTexture_ng.dds: WARNING: 
    Texture NormalGlossTexture does not exists!
Textures\Models\Cubes\WindowTexture_add.dds: WARNING: 
    Texture AddMapsTexture does not exists!
Textures\Models\Cubes\WindowTexture_me.dds: WARNING: 
    Texture DiffuseTexture does not exists!
Textures\Models\Cubes\WindowTexture_cm.dds: WARNING: 
    Texture ColorMetalTexture does not exists!
Textures\Models\Cubes\WindowTexture_ng.dds: WARNING: 
    Texture NormalGlossTexture does not exists!
Textures\Models\Cubes\WindowTexture_add.dds: WARNING: 
    Texture AddMapsTexture does not exists!
Textures\Models\Cubes\WindowTexture_me.dds: WARNING: 
    Texture DiffuseTexture does not exists!
Textures\Models\Cubes\WindowTexture_cm.dds: WARNING: 
    Texture ColorMetalTexture does not exists!
Textures\Models\Cubes\WindowTexture_ng.dds: WARNING: 
    Texture NormalGlossTexture does not exists!
Textures\Models\Cubes\WindowTexture_add.dds: WARNING: 
    Texture AddMapsTexture does not exists!
C:\Users\Jake\AppData\Local\Temp\tmpv8y_mvzt\Content\Window1x1FlatInv_1Edge_1CornerRight.fbx: Processed
: 
    : Finished in 0.1s
