Running from: C:\Users\Ross\AppData\Local\Temp\tmpgei9ivh7 
Command: C:\Users\Ross\Desktop\MwmBuilder\MwmBuilder.exe /s:Content /m:Window1x1SlopeInv_1EL_2CURDR.fbx /o:.\ 
: WARNING: 
    Could not find Materials library folder.
: WARNING: 
    Sections may not properly work if "Preserve Instances" is not unchecked when exporting FBX model
Textures\Models\Cubes\WindowTexture_me.dds: WARNING: 
    Texture DiffuseTexture does not exists!
Textures\Models\Cubes\WindowTexture_cm.dds: WARNING: 
    Texture ColorMetalTexture does not exists!
Textures\Models\Cubes\WindowTexture_ng.dds: WARNING: 
    Texture NormalGlossTexture does not exists!
Textures\Models\Cubes\WindowTexture_add.dds: WARNING: 
    Texture AddMapsTexture does not exists!
Textures\Models\Cubes\WindowTexture_me.dds: WARNING: 
    Texture DiffuseTexture does not exists!
Textures\Models\Cubes\WindowTexture_cm.dds: WARNING: 
    Texture ColorMetalTexture does not exists!
Textures\Models\Cubes\WindowTexture_ng.dds: WARNING: 
    Texture NormalGlossTexture does not exists!
Textures\Models\Cubes\WindowTexture_add.dds: WARNING: 
    Texture AddMapsTexture does not exists!
Textures\Models\Cubes\WindowTexture_me.dds: WARNING: 
    Texture DiffuseTexture does not exists!
Textures\Models\Cubes\WindowTexture_cm.dds: WARNING: 
    Texture ColorMetalTexture does not exists!
Textures\Models\Cubes\WindowTexture_ng.dds: WARNING: 
    Texture NormalGlossTexture does not exists!
Textures\Models\Cubes\WindowTexture_add.dds: WARNING: 
    Texture AddMapsTexture does not exists!
Textures\Models\Cubes\WindowTexture_me.dds: WARNING: 
    Texture DiffuseTexture does not exists!
Textures\Models\Cubes\WindowTexture_cm.dds: WARNING: 
    Texture ColorMetalTexture does not exists!
Textures\Models\Cubes\WindowTexture_ng.dds: WARNING: 
    Texture NormalGlossTexture does not exists!
Textures\Models\Cubes\WindowTexture_add.dds: WARNING: 
    Texture AddMapsTexture does not exists!
Textures\Models\Cubes\WindowTexture_me.dds: WARNING: 
    Texture DiffuseTexture does not exists!
Textures\Models\Cubes\WindowTexture_cm.dds: WARNING: 
    Texture ColorMetalTexture does not exists!
Textures\Models\Cubes\WindowTexture_ng.dds: WARNING: 
    Texture NormalGlossTexture does not exists!
Textures\Models\Cubes\WindowTexture_add.dds: WARNING: 
    Texture AddMapsTexture does not exists!
Textures\Models\Cubes\WindowTexture_me.dds: WARNING: 
    Texture DiffuseTexture does not exists!
Textures\Models\Cubes\WindowTexture_cm.dds: WARNING: 
    Texture ColorMetalTexture does not exists!
Textures\Models\Cubes\WindowTexture_ng.dds: WARNING: 
    Texture NormalGlossTexture does not exists!
Textures\Models\Cubes\WindowTexture_add.dds: WARNING: 
    Texture AddMapsTexture does not exists!
Textures\Particles\SquareWindowDirt.DDS: WARNING: 
    Texture DiffuseTexture does not exists!
Dummy.dds: WARNING: 
    Texture DiffuseTexture does not exists!
C:\Users\Ross\AppData\Local\Temp\tmpgei9ivh7\Content\Window1x1SlopeInv_1EL_2CURDR.fbx: Processed
: 
    : Finished in 0.1s
