Running from: C:\Users\Ross\AppData\Local\Temp\tmp3eqwei6v 
Command: C:\Users\Ross\Desktop\Space Engineers Stuff\MwmBuilder\MwmBuilder.exe /s:Content /m:Window1x1Flat_3Edge_0Corner_Constr1.fbx /o:.\ 
: WARNING: 
    Could not find Materials library folder.
: WARNING: 
    Sections may not properly work if "Preserve Instances" is not unchecked when exporting FBX model
Textures\Models\Cubes\Chrome_cm.dds: WARNING: 
    Texture ColorMetalTexture does not exists!
Textures\Models\Cubes\Chrome_ng.dds: WARNING: 
    Texture NormalGlossTexture does not exists!
Textures\Models\Cubes\Chrome_cm.dds: WARNING: 
    Texture ColorMetalTexture does not exists!
Textures\Models\Cubes\Chrome_ng.dds: WARNING: 
    Texture NormalGlossTexture does not exists!
Textures\Models\Cubes\Chrome_cm.dds: WARNING: 
    Texture ColorMetalTexture does not exists!
Textures\Models\Cubes\Chrome_ng.dds: WARNING: 
    Texture NormalGlossTexture does not exists!
Textures\Models\Cubes\Chrome_cm.dds: WARNING: 
    Texture ColorMetalTexture does not exists!
Textures\Models\Cubes\Chrome_ng.dds: WARNING: 
    Texture NormalGlossTexture does not exists!
C:\Users\Ross\AppData\Local\Temp\tmp3eqwei6v\Content\Window1x1Flat_3Edge_0Corner_Constr1.fbx: Processed
: 
    : Finished in 0.2s
