Running from: C:\Users\Ross\AppData\Local\Temp\tmpkedl0k3x 
Command: C:\Users\Ross\Desktop\MwmBuilder\MwmBuilder.exe /s:Content /m:Window1x1SideInv_2EdgeBottom_0Corner_Constr1.fbx /o:.\ 
: WARNING: 
    Could not find Materials library folder.
Textures\Models\Cubes\default_grey_construction_de.dds: WARNING: 
    Texture DiffuseTexture does not exists!
Textures\Models\Cubes\Chrome_cm.DDS: WARNING: 
    Texture ColorMetalTexture does not exists!
Textures\Models\Cubes\Chrome_ng.DDS: WARNING: 
    Texture NormalGlossTexture does not exists!
Textures\Models\Cubes\default_grey_construction_de.dds: WARNING: 
    Texture DiffuseTexture does not exists!
Textures\Models\Cubes\Chrome_cm.DDS: WARNING: 
    Texture ColorMetalTexture does not exists!
Textures\Models\Cubes\Chrome_ng.DDS: WARNING: 
    Texture NormalGlossTexture does not exists!
Textures\Models\Cubes\default_grey_construction_de.dds: WARNING: 
    Texture DiffuseTexture does not exists!
Textures\Models\Cubes\Chrome_cm.DDS: WARNING: 
    Texture ColorMetalTexture does not exists!
Textures\Models\Cubes\Chrome_ng.DDS: WARNING: 
    Texture NormalGlossTexture does not exists!
Textures\Models\Cubes\default_grey_construction_de.dds: WARNING: 
    Texture DiffuseTexture does not exists!
Textures\Models\Cubes\Chrome_cm.DDS: WARNING: 
    Texture ColorMetalTexture does not exists!
Textures\Models\Cubes\Chrome_ng.DDS: WARNING: 
    Texture NormalGlossTexture does not exists!
C:\Users\Ross\AppData\Local\Temp\tmpkedl0k3x\Content\Window1x1SideInv_2EdgeBottom_0Corner_Constr1.fbx: Processed
: 
    : Finished in 0.1s
